#
# There is insufficient memory for the Java Runtime Environment to continue.
# Native memory allocation (mmap) failed to map 268435456 bytes for G1 virtual space
# Possible reasons:
#   The system is out of physical RAM or swap space
#   The process is running with CompressedOops enabled, and the Java Heap may be blocking the growth of the native heap
# Possible solutions:
#   Reduce memory load on the system
#   Increase physical memory or swap space
#   Check if swap backing store is full
#   Decrease Java heap size (-Xmx/-Xms)
#   Decrease number of Java threads
#   Decrease Java thread stack sizes (-Xss)
#   Set larger code cache with -XX:ReservedCodeCacheSize=
#   JVM is running with Zero Based Compressed Oops mode in which the Java heap is
#     placed in the first 32GB address space. The Java Heap base address is the
#     maximum limit for the native heap growth. Please use -XX:HeapBaseMinAddress
#     to set the Java Heap base and to place the Java Heap above 32GB virtual address.
# This output file may be truncated or incomplete.
#
#  Out of Memory Error (os_windows.cpp:3771), pid=9036, tid=16788
#
# JRE version:  (17.0.7) (build )
# Java VM: OpenJDK 64-Bit Server VM (17.0.7+0-b2043.56-10550314, mixed mode, sharing, tiered, compressed oops, compressed class ptrs, g1 gc, windows-amd64)
# No core dump will be written. Minidumps are not enabled by default on client versions of Windows
#

---------------  S U M M A R Y ------------

Command Line: git4idea.http.GitAskPassApp Username for 'https://github.com': 

Host: AMD Ryzen 7 2700 Eight-Core Processor          , 16 cores, 15G,  Windows 11 , 64 bit Build 22621 (10.0.22621.3374)
Time: Fri May 10 02:22:38 2024 RTZ 4 (s 11 , 64 bit Build 22621 (10.0.22621.3374) elapsed time: 0.063303 seconds (0d 0h 0m 0s)

---------------  T H R E A D  ---------------

Current thread (0x0000022afd51e760):  JavaThread "Unknown thread" [_thread_in_vm, id=16788, stack(0x000000aea4000000,0x000000aea4100000)]

Stack: [0x000000aea4000000,0x000000aea4100000]
Native frames: (J=compiled Java code, j=interpreted, Vv=VM code, C=native code)
V  [jvm.dll+0x683bfa]
V  [jvm.dll+0x8430a4]
V  [jvm.dll+0x8449be]
V  [jvm.dll+0x845023]
V  [jvm.dll+0x24ad2f]
V  [jvm.dll+0x680ac9]
V  [jvm.dll+0x67519a]
V  [jvm.dll+0x30b3cb]
V  [jvm.dll+0x312876]
V  [jvm.dll+0x36221e]
V  [jvm.dll+0x36244f]
V  [jvm.dll+0x2e14a8]
V  [jvm.dll+0x2e2414]
V  [jvm.dll+0x814391]
V  [jvm.dll+0x36ffe1]
V  [jvm.dll+0x7f396c]
V  [jvm.dll+0x3f305f]
V  [jvm.dll+0x3f4b91]
C  [jli.dll+0x528f]
C  [ucrtbase.dll+0x29333]
C  [KERNEL32.DLL+0x1257d]
C  [ntdll.dll+0x5aa48]


---------------  P R O C E S S  ---------------

Threads class SMR info:
_java_thread_list=0x00007ff87a30d098, length=0, elements={
}

Java Threads: ( => current thread )

Other Threads:
  0x0000022afd58a970 GCTaskThread "GC Thread#0" [stack: 0x000000aea4100000,0x000000aea4200000] [id=8596]
  0x0000022afd59c710 ConcurrentGCThread "G1 Main Marker" [stack: 0x000000aea4200000,0x000000aea4300000] [id=14240]
  0x0000022afd59d7d0 ConcurrentGCThread "G1 Conc#0" [stack: 0x000000aea4300000,0x000000aea4400000] [id=14168]

[error occurred during error reporting (printing all threads), id 0xc0000005, EXCEPTION_ACCESS_VIOLATION (0xc0000005) at pc=0x00007ff879ac2087]

VM state: not at safepoint (not fully initialized)

VM Mutex/Monitor currently owned by a thread:  ([mutex/lock_event])
[0x0000022afd518110] Heap_lock - owner thread: 0x0000022afd51e760

Heap address: 0x0000000700c00000, size: 4084 MB, Compressed Oops mode: Zero based, Oop shift amount: 3

CDS archive(s) mapped at: [0x0000000000000000-0x0000000000000000-0x0000000000000000), size 0, SharedBaseAddress: 0x0000000800000000, ArchiveRelocationMode: 0.
Narrow klass base: 0x0000000000000000, Narrow klass shift: 0, Narrow klass range: 0x0

GC Precious Log:
<Empty>

Heap:
 garbage-first heap   total 0K, used 0K [0x0000000700c00000, 0x0000000800000000)
  region size 2048K, 0 young (0K), 0 survivors (0K)
 Metaspace       used 0K, committed 0K, reserved 0K
  class space    used 0K, committed 0K, reserved 0K

Heap Regions: E=young(eden), S=young(survivor), O=old, HS=humongous(starts), HC=humongous(continues), CS=collection set, F=free, OA=open archive, CA=closed archive, TAMS=top-at-mark-start (previous, next)

Card table byte_map: [0x0000022afe660000,0x0000022afee60000] _byte_map_base: 0x0000022afae5a000

Marking Bits (Prev, Next): (CMBitMap*) 0x0000022afd58bea0, (CMBitMap*) 0x0000022afd58bee0
 Prev Bits: [0x0000022a92410000, 0x0000022a963e0000)
 Next Bits: [0x0000022a963e0000, 0x0000022a9a3b0000)

GC Heap History (0 events):
No events

Dll operation events (1 events):
Event: 0.006 Loaded shared library F:\AndroidStudio\jbr\bin\java.dll

Deoptimization events (0 events):
No events

Classes unloaded (0 events):
No events

Classes redefined (0 events):
No events

Internal exceptions (0 events):
No events

VM Operations (0 events):
No events

Events (0 events):
No events


Dynamic libraries:
0x00007ff75f170000 - 0x00007ff75f17a000 	F:\AndroidStudio\jbr\bin\java.exe
0x00007ff8b6210000 - 0x00007ff8b6426000 	C:\WINDOWS\SYSTEM32\ntdll.dll
0x00007ff8b5d30000 - 0x00007ff8b5df4000 	C:\WINDOWS\System32\KERNEL32.DLL
0x00007ff8b3650000 - 0x00007ff8b39f7000 	C:\WINDOWS\System32\KERNELBASE.dll
0x00007ff8b3530000 - 0x00007ff8b3641000 	C:\WINDOWS\System32\ucrtbase.dll
0x00007ff8a5460000 - 0x00007ff8a5477000 	F:\AndroidStudio\jbr\bin\jli.dll
0x00007ff8a5590000 - 0x00007ff8a55ab000 	F:\AndroidStudio\jbr\bin\VCRUNTIME140.dll
0x00007ff8b4340000 - 0x00007ff8b44ee000 	C:\WINDOWS\System32\USER32.dll
0x00007ff896860000 - 0x00007ff896af3000 	C:\WINDOWS\WinSxS\amd64_microsoft.windows.common-controls_6595b64144ccf1df_6.0.22621.3235_none_270f74e173860f98\COMCTL32.dll
0x00007ff8b3b20000 - 0x00007ff8b3b46000 	C:\WINDOWS\System32\win32u.dll
0x00007ff8b5050000 - 0x00007ff8b50f7000 	C:\WINDOWS\System32\msvcrt.dll
0x00007ff8b4640000 - 0x00007ff8b4669000 	C:\WINDOWS\System32\GDI32.dll
0x00007ff8b3a00000 - 0x00007ff8b3b19000 	C:\WINDOWS\System32\gdi32full.dll
0x00007ff8b3ea0000 - 0x00007ff8b3f3a000 	C:\WINDOWS\System32\msvcp_win.dll
0x00007ff8b5c80000 - 0x00007ff8b5cb1000 	C:\WINDOWS\System32\IMM32.DLL
0x00007ff8af460000 - 0x00007ff8af46c000 	F:\AndroidStudio\jbr\bin\vcruntime140_1.dll
0x00007ff87b4f0000 - 0x00007ff87b57d000 	F:\AndroidStudio\jbr\bin\msvcp140.dll
0x00007ff8797d0000 - 0x00007ff87a450000 	F:\AndroidStudio\jbr\bin\server\jvm.dll
0x00007ff8b5a30000 - 0x00007ff8b5ae2000 	C:\WINDOWS\System32\ADVAPI32.dll
0x00007ff8b4fa0000 - 0x00007ff8b5048000 	C:\WINDOWS\System32\sechost.dll
0x00007ff8b3cc0000 - 0x00007ff8b3ce8000 	C:\WINDOWS\System32\bcrypt.dll
0x00007ff8b4a00000 - 0x00007ff8b4b15000 	C:\WINDOWS\System32\RPCRT4.dll
0x00007ff8ab150000 - 0x00007ff8ab15a000 	C:\WINDOWS\SYSTEM32\VERSION.dll
0x00007ff89a550000 - 0x00007ff89a559000 	C:\WINDOWS\SYSTEM32\WSOCK32.dll
0x00007ff8ab110000 - 0x00007ff8ab144000 	C:\WINDOWS\SYSTEM32\WINMM.dll
0x00007ff8b5fc0000 - 0x00007ff8b6031000 	C:\WINDOWS\System32\WS2_32.dll
0x00007ff8b2660000 - 0x00007ff8b2678000 	C:\WINDOWS\SYSTEM32\kernel.appcore.dll
0x00007ff8af450000 - 0x00007ff8af45a000 	F:\AndroidStudio\jbr\bin\jimage.dll
0x00007ff8aa8a0000 - 0x00007ff8aaad3000 	C:\WINDOWS\SYSTEM32\DBGHELP.DLL
0x00007ff8b4670000 - 0x00007ff8b49f8000 	C:\WINDOWS\System32\combase.dll
0x00007ff8b5af0000 - 0x00007ff8b5bc7000 	C:\WINDOWS\System32\OLEAUT32.dll
0x00007ff896690000 - 0x00007ff8966c2000 	C:\WINDOWS\SYSTEM32\dbgcore.DLL
0x00007ff8b3e20000 - 0x00007ff8b3e99000 	C:\WINDOWS\System32\bcryptPrimitives.dll
0x00007ff8ac490000 - 0x00007ff8ac4b5000 	F:\AndroidStudio\jbr\bin\java.dll

dbghelp: loaded successfully - version: 4.0.5 - missing functions: none
symbol engine: initialized successfully - sym options: 0x614 - pdb path: .;F:\AndroidStudio\jbr\bin;C:\WINDOWS\SYSTEM32;C:\WINDOWS\WinSxS\amd64_microsoft.windows.common-controls_6595b64144ccf1df_6.0.22621.3235_none_270f74e173860f98;F:\AndroidStudio\jbr\bin\server

VM Arguments:
java_command: git4idea.http.GitAskPassApp Username for 'https://github.com': 
java_class_path (initial): F:/AndroidStudio/plugins/vcs-git/lib/git4idea-rt.jar;F:/AndroidStudio/lib/externalProcess-rt.jar
Launcher Type: SUN_STANDARD

[Global flags]
     intx CICompilerCount                          = 12                                        {product} {ergonomic}
     uint ConcGCThreads                            = 3                                         {product} {ergonomic}
     uint G1ConcRefinementThreads                  = 13                                        {product} {ergonomic}
   size_t G1HeapRegionSize                         = 2097152                                   {product} {ergonomic}
    uintx GCDrainStackTargetSize                   = 64                                        {product} {ergonomic}
   size_t InitialHeapSize                          = 268435456                                 {product} {ergonomic}
   size_t MarkStackSize                            = 4194304                                   {product} {ergonomic}
   size_t MaxHeapSize                              = 4282384384                                {product} {ergonomic}
   size_t MinHeapDeltaBytes                        = 2097152                                   {product} {ergonomic}
   size_t MinHeapSize                              = 8388608                                   {product} {ergonomic}
    uintx NonNMethodCodeHeapSize                   = 7602480                                {pd product} {ergonomic}
    uintx NonProfiledCodeHeapSize                  = 122027880                              {pd product} {ergonomic}
    uintx ProfiledCodeHeapSize                     = 122027880                              {pd product} {ergonomic}
    uintx ReservedCodeCacheSize                    = 251658240                              {pd product} {ergonomic}
     bool SegmentedCodeCache                       = true                                      {product} {ergonomic}
   size_t SoftMaxHeapSize                          = 4282384384                             {manageable} {ergonomic}
     bool UseCompressedClassPointers               = true                           {product lp64_product} {ergonomic}
     bool UseCompressedOops                        = true                           {product lp64_product} {ergonomic}
     bool UseG1GC                                  = true                                      {product} {ergonomic}
     bool UseLargePagesIndividualAllocation        = false                                  {pd product} {ergonomic}

Logging:
Log output configuration:
 #0: stdout all=warning uptime,level,tags
 #1: stderr all=off uptime,level,tags

Environment Variables:
PATH=F:\mycor\Git\mingw64\libexec\git-core;F:\mycor\Git\mingw64\libexec\git-core;F:\mycor\Git\mingw64\bin;F:\mycor\Git\usr\bin;C:\Users\galki\bin;C:\Program Files (x86)\Common Files\Oracle\Java\javapath;C:\WINDOWS\system32;C:\WINDOWS;C:\WINDOWS\System32\Wbem;C:\WINDOWS\System32\WindowsPowerShell\v1.0;C:\WINDOWS\System32\OpenSSH;C:\Program Files\Azure Data Studio\bin;C:\Program Files\Microsoft SQL Server\Client SDK\ODBC\170\Tools\Binn;C:\Program Files (x86)\Microsoft SQL Server\150\Tools\Binn;C:\Program Files\Microsoft SQL Server\150\Tools\Binn;C:\Program Files\Microsoft SQL Server\150\DTS\Binn;C:\Program Files (x86)\Microsoft SQL Server\150\DTS\Binn;F:\mycor\Git\cmd;C:\Program Files (x86)\Windows Kits\10\Windows Performance Toolkit;C:\Program Files\dotnet;C:\Users\galki\AppData\Local\Microsoft\WindowsApps;C:\Program Files\Azure Data Studio\bin;C:\Users\galki\.dotnet\tools
USERNAME=galki
DISPLAY=:0.0
LC_ALL=en_US.UTF-8
TERM=xterm-256color
TMPDIR=C:\Users\galki\AppData\Local\Temp
OS=Windows_NT
PROCESSOR_IDENTIFIER=AMD64 Family 23 Model 8 Stepping 2, AuthenticAMD
TMP=C:\Users\galki\AppData\Local\Temp
TEMP=C:\Users\galki\AppData\Local\Temp


JNI global refs:
JNI global refs: 0, weak refs: 0

JNI global refs memory usage: 0, weak refs: 0

OOME stack traces (most recent first):
Classloader memory used:


---------------  S Y S T E M  ---------------

OS:
 Windows 11 , 64 bit Build 22621 (10.0.22621.3374)
OS uptime: 0 days 14:32 hours

CPU: total 16 (initial active 16) (16 cores per cpu, 2 threads per core) family 23 model 8 stepping 2 microcode 0x0, cx8, cmov, fxsr, ht, mmx, 3dnowpref, sse, sse2, sse3, ssse3, sse4a, sse4.1, sse4.2, popcnt, lzcnt, tsc, tscinvbit, avx, avx2, aes, clmul, bmi1, bmi2, adx, sha, fma, vzeroupper, clflush, clflushopt

Memory: 4k page, system-wide physical 16331M (1786M free)
TotalPageFile size 25382M (AvailPageFile size 138M)
current process WorkingSet (physical memory assigned to process): 11M, peak: 11M
current process commit charge ("private bytes"): 70M, peak: 326M

vm_info: OpenJDK 64-Bit Server VM (17.0.7+0-b2043.56-10550314) for windows-amd64 JRE (17.0.7+0-b2043.56-10550314), built on Jul 24 2023 18:27:45 by "androidbuild" with MS VC++ 16.10 / 16.11 (VS2019)

END.
